Virtual User Script started at: 6/20/2020 7:29:18 PM	[MsgId: MMSG-15967]
Starting action vuser_init.	[MsgId: MMSG-15919]
Web Turbo Replay of LoadRunner 12.55.0 for Windows 2012 R2; build 911 (Jul 24 2017 19:46:00)  	[MsgId: MMSG-26983]
Run mode: HTML  	[MsgId: MMSG-26993]
Replay user agent: Mozilla/5.0 (Windows NT 6.3; Win64; x64) AppleWebKit/537.36 (KHTML, like Gecko) Chrome/81.0.4044.92 Safari/537.36  	[MsgId: MMSG-26988]
Run-Time Settings file: "C:\Users\gleeshaa\AppData\Local\Temp\38\lr5tmpdirZpM.788\lrcfgsXH.789\cfg97P.790"  	[MsgId: MMSG-27141]
Ending action vuser_init.	[MsgId: MMSG-15918]
Running Vuser...	[MsgId: MMSG-15964]
Starting iteration 1.	[MsgId: MMSG-15968]
Maximum number of concurrent connections per server: 6  	[MsgId: MMSG-26989]
Starting action Action.	[MsgId: MMSG-15919]
Action.c(13): web_add_header("Upgrade-Insecure-Requests") started  	[MsgId: MMSG-26355]
Action.c(13): web_add_header("Upgrade-Insecure-Requests") was successful  	[MsgId: MMSG-26392]
Action.c(14): web_reg_save_param started  	[MsgId: MMSG-26355]
Action.c(14): Registering web_reg_save_param was successful  	[MsgId: MMSG-26390]
Action.c(17): web_reg_save_param started  	[MsgId: MMSG-26355]
Action.c(17): Registering web_reg_save_param was successful  	[MsgId: MMSG-26390]
Action.c(19): web_url("users") started  	[MsgId: MMSG-26355]
Action.c(19): t=61354ms: 241-byte response headers for "http://35.188.114.237:8088/api/v2/users" (RelFrameId=1, Internal ID=1)
Action.c(19):     HTTP/1.1 502 internal error - server connection terminated\r\n
Action.c(19):     Date: Sat, 20 Jun 2020 14:00:18 GMT\r\n
Action.c(19):     Proxy-Connection: close\r\n
Action.c(19):     Via: 1.1 indproxy5-wcg\r\n
Action.c(19):     Cache-Control: no-store\r\n
Action.c(19):     Content-Type: text/html\r\n
Action.c(19):     Content-Language: en\r\n
Action.c(19):     Content-Length: 666\r\n
Action.c(19):     \r\n
Action.c(19): Notify: Saving Parameter "c_responseCode = 502".	[MsgId: MMSG-13798]
Action.c(19): t=61363ms: 666-byte response body for "http://35.188.114.237:8088/api/v2/users" (RelFrameId=1, Internal ID=1)
Action.c(19):     <HEAD><TITLE>internal error - server connection terminated</TITLE></HEAD>\n
Action.c(19):     <BODY BGCOLOR="white" FGCOLOR="black"><H1>internal error - server connection terminated</H
Action.c(19):     1><HR>\n
Action.c(19):     <FONT FACE="Helvetica,Arial"><B>\n
Action.c(19):     Description: internal error - server connection terminated</B></FONT>\n
Action.c(19):     <HR>\n
Action.c(19):     <!-- default "internal error - server connection terminated" response (502) -->\n
Action.c(19):     </BODY>\n
Action.c(19):                                                                                               
Action.c(19):                                                                                               
Action.c(19):                                                                                               
Action.c(19):                                 \x00
Action.c(19): Error -26610: HTTP Status-Code=502 (internal error - server connection terminated) for "http://35.188.114.237:8088/api/v2/users"  	[MsgId: MERR-26610]
Action.c(19): Error -26377: No match found for the requested parameter "c_id". Either the specified boundaries were not found in the response or the matched text is longer than current max html parameter size of 256 bytes. The total length of the response is 666 bytes. You can use "web_set_max_html_param_len" to increase the max parameter size.  	[MsgId: MERR-26377]
Action.c(19): Notify: Saving Parameter "c_id_count = 0".	[MsgId: MMSG-13798]
Action.c(19): web_url("users") highest severity level was "ERROR", 666 body bytes, 241 header bytes  	[MsgId: MMSG-26388]
Ending action Action.	[MsgId: MMSG-15918]
Ending iteration 1.	[MsgId: MMSG-15965]
Ending Vuser...	[MsgId: MMSG-15966]
Starting action vuser_end.	[MsgId: MMSG-15919]
Ending action vuser_end.	[MsgId: MMSG-15918]
Vuser Terminated.	[MsgId: MMSG-15963]
Vuser 0 (thread 535840), ended OK."	[MsgId: MMSG-10695]
