Virtual User Script started at: 6/20/2020 6:57:40 PM
Starting action vuser_init.
Web Turbo Replay of LoadRunner 12.55.0 for Windows 2012 R2; build 911 (Jul 24 2017 19:46:00)  	[MsgId: MMSG-26983]
Run mode: HTML  	[MsgId: MMSG-26993]
Replay user agent: Mozilla/5.0 (Windows NT 6.3; Win64; x64) AppleWebKit/537.36 (KHTML, like Gecko) Chrome/81.0.4044.92 Safari/537.36  	[MsgId: MMSG-26988]
Run-Time Settings file: "C:\Users\gleeshaa\Documents\VuGen\Scripts\CTHackATAohn2020\ProblemA\\default.cfg"  	[MsgId: MMSG-27141]
Ending action vuser_init.
Running Vuser...
Starting iteration 1.
Maximum number of concurrent connections per server: 6  	[MsgId: MMSG-26989]
Starting action Action.
Action.c(13): web_add_header("Upgrade-Insecure-Requests") started  	[MsgId: MMSG-26355]
Action.c(13): web_add_header("Upgrade-Insecure-Requests") was successful  	[MsgId: MMSG-26392]
Action.c(14): web_reg_save_param started  	[MsgId: MMSG-26355]
Action.c(14): Registering web_reg_save_param was successful  	[MsgId: MMSG-26390]
Action.c(17): web_reg_save_param started  	[MsgId: MMSG-26355]
Action.c(17): Registering web_reg_save_param was successful  	[MsgId: MMSG-26390]
Action.c(19): web_url("users") started  	[MsgId: MMSG-26355]
Action.c(19): t=5859ms: 343-byte response headers for "http://35.188.114.237:8088/api/v2/users" (RelFrameId=1, Internal ID=1)
Action.c(19):     HTTP/1.1 200 OK\r\n
Action.c(19):     Server: Apache-Coyote/1.1\r\n
Action.c(19):     Pragma: no-cache\r\n
Action.c(19):     Cache-Control: no-cache, no-store, max-age=0\r\n
Action.c(19):     Expires: Thu, 01 Jan 1970 00:00:00 GMT\r\n
Action.c(19):     Content-Type: application/json;charset=UTF-8\r\n
Action.c(19):     Content-Language: en-US\r\n
Action.c(19):     Date: Sat, 20 Jun 2020 13:27:41 GMT\r\n
Action.c(19):     Content-Length: 15965\r\n
Action.c(19):     Age: 2\r\n
Action.c(19):     Proxy-Connection: keep-alive\r\n
Action.c(19):     Via: 1.1 indproxy5-wcg\r\n
Action.c(19):     \r\n
Action.c(19): Notify: Saving Parameter "c_responseCode = 200".
Action.c(19): t=5877ms: 2577-byte response body for "http://35.188.114.237:8088/api/v2/users" (RelFrameId=1, Internal ID=1)
Action.c(19):     {\n
Action.c(19):       "user" : [ {\n
Action.c(19):         "id" : 2,\n
Action.c(19):         "name" : "Siddharth",\n
Action.c(19):         "surname" : "Polke",\n
Action.c(19):         "adress" : "CTHackATAhon"\n
Action.c(19):       }, {\n
Action.c(19):         "id" : 3,\n
Action.c(19):         "name" : "Hemant",\n
Action.c(19):         "surname" : "Mane",\n
Action.c(19):         "adress" : "Pune"\n
Action.c(19):       }, {\n
Action.c(19):         "id" : 4,\n
Action.c(19):         "name" : "Abhishek",\n
Action.c(19):         "surname" : "Mangudkar",\n
Action.c(19):         "adress" : "CTHackATAhon"\n
Action.c(19):       }, {\n
Action.c(19):         "id" : 5,\n
Action.c(19):         "name" : "Sapna",\n
Action.c(19):         "surname" : "Sahu",\n
Action.c(19):         "adress" : "CTHackATAhon"\n
Action.c(19):       }, {\n
Action.c(19):         "id" : 6,\n
Action.c(19):         "name" : "Soumyajit",\n
Action.c(19):         "surname" : "Pal",\n
Action.c(19):         "adress" : "CTHackATAhon"\n
Action.c(19):       }, {\n
Action.c(19):         "id" : 7,\n
Action.c(19):         "name" : "Subodh",\n
Action.c(19):         "surname" : "Singh",\n
Action.c(19):         "adress" : "CTHackATAhon"\n
Action.c(19):       }, {\n
Action.c(19):         "id" : 8,\n
Action.c(19):         "name" : "Onkar",\n
Action.c(19):         "surname" : "Mirajkar",\n
Action.c(19):         "adress" : "CTHackATAhon"\n
Action.c(19):       }, {\n
Action.c(19):         "id" : 10,\n
Action.c(19):         "name" : "Habin",\n
Action.c(19):         "surname" : "Prasad",\n
Action.c(19):         "adress" : "CTHackATAhon"\n
Action.c(19):       }, {\n
Action.c(19):         "id" : 11,\n
Action.c(19):         "name" : "John",\n
Action.c(19):         "surname" : "Abraham",\n
Action.c(19):         "adress" : "CTHackATAhon"\n
Action.c(19):       }, {\n
Action.c(19):         "id" : 12,\n
Action.c(19):         "name" : "Saikiran",\n
Action.c(19):         "surname" : "Illendula",\n
Action.c(19):         "adress" : "CTHackATAhon"\n
Action.c(19):       }, {\n
Action.c(19):         "id" : 13,\n
Action.c(19):         "name" : "Ankush",\n
Action.c(19):         "surname" : "Singhal",\n
Action.c(19):         "adress" : "CTHackATAhon"\n
Action.c(19):       }, {\n
Action.c(19):         "id" : 14,\n
Action.c(19):         "name" : "Gitika",\n
Action.c(19):         "surname" : "Sinha",\n
Action.c(19):         "adress" : "CTHackATAhon"\n
Action.c(19):       }, {\n
Action.c(19):         "id" : 15,\n
Action.c(19):         "name" : "TestKA",\n
Action.c(19):         "surname" : "Sindler",\n
Action.c(19):         "adress" : "New York"\n
Action.c(19):       }, {\n
Action.c(19):         "id" : 16,\n
Action.c(19):         "name" : "Vaishali",\n
Action.c(19):         "surname" : "Katkar",\n
Action.c(19):         "adress" : "CTHackATAhon"\n
Action.c(19):       }, {\n
Action.c(19):         "id" : 17,\n
Action.c(19):         "name" : "Hemant",\n
Action.c(19):         "surname" : "Kumar",\n
Action.c(19):         "adress" : "CTHackATAhon"\n
Action.c(19):       }, {\n
Action.c(19):         "id" : 18,\n
Action.c(19):         "name" : "Akshata",\n
Action.c(19):         "surname" : "Gavali",\n
Action.c(19):         "adress" : "CTHackATAhon"\n
Action.c(19):       }, {\n
Action.c(19):         "id" : 19,\n
Action.c(19):         "name" : "Bhartesh",\n
Action.c(19):         "surname" : "Bohra",\n
Action.c(19):         "adress" : "CTHackATAhon"\n
Action.c(19):       }, {\n
Action.c(19):         "id" : 20,\n
Action.c(19):         "name" : "Sumit",\n
Action.c(19):         "surname" : "Acharjee",\n
Action.c(19):         "adress" : "CTHackATAhon"\n
Action.c(19):       }, {\n
Action.c(19):         "id" : 21,\n
Action.c(19):         "name" : "Navaneeth",\n
Action.c(19):         "surname" : "Venugopal",\n
Action.c(19):         "adress" : "CTHackATAhon"\n
Action.c(19):       }, {\n
Action.c(19):         "id" : 22,\n
Action.c(19):         "name" : "Nishant",\n
Action.c(19):         "surname" : "Sanghai",\n
Action.c(19):         "adress" : "CTHackATAhon"\n
Action.c(19):       }, {\n
Action.c(19):         "id" : 23,\n
Action.c(19):         "name" : "Rajagopal",\n
Action.c(19):         "surname" : "V",\n
Action.c(19):         "adress" : "CTHackATAhon"\n
Action.c(19):       }, {\n
Action.c(19):         "id" : 24,\n
Action.c(19):         "name" : "Surbhi",\n
Action.c(19):         "surname" : "Sharma",\n
Action.c(19):         "adress" : "CTHackATAhon"\n
Action.c(19):       }, {\n
Action.c(19):         "id" : 25,\n
Action.c(19):         "name" : "Harshit",\n
Action.c(19):         "surname" : "Bhuradia",\n
Action.c(19):         "adress" : "CTHackATAhon"\n
Action.c(19):       }, {\n
Action.c(19):         "id" : 26,\n
Action.c(19):         "name" : "Shrinathacharya",\n
Action.c(19):         "surname" : "L M",\n
Action.c(19):         "adress" : "CTHackATAhon"\n
Action.c(19):       }, {\n
Action.c(19):         "id" : 27,\n
Action.c(19):         "name" : "Shrikrushna",\n
Action.c(19):         "surname" : "Chaudhari",\n
Action.c(19):         "adress" : "CTHackATAhon"\n
Action.c(19):       }, {\n
Action.c(19):         "id" : 28,\n
Action.c(19):         "n
Action.c(19): Notify: Saving Parameter "c_id_1 = 2".
Action.c(19): Notify: Saving Parameter "c_id_2 = 3".
Action.c(19): Notify: Saving Parameter "c_id_3 = 4".
Action.c(19): Notify: Saving Parameter "c_id_4 = 5".
Action.c(19): Notify: Saving Parameter "c_id_5 = 6".
Action.c(19): Notify: Saving Parameter "c_id_6 = 7".
Action.c(19): Notify: Saving Parameter "c_id_7 = 8".
Action.c(19): Notify: Saving Parameter "c_id_8 = 10".
Action.c(19): Notify: Saving Parameter "c_id_9 = 11".
Action.c(19): Notify: Saving Parameter "c_id_10 = 12".
Action.c(19): Notify: Saving Parameter "c_id_11 = 13".
Action.c(19): Notify: Saving Parameter "c_id_12 = 14".
Action.c(19): Notify: Saving Parameter "c_id_13 = 15".
Action.c(19): Notify: Saving Parameter "c_id_14 = 16".
Action.c(19): Notify: Saving Parameter "c_id_15 = 17".
Action.c(19): Notify: Saving Parameter "c_id_16 = 18".
Action.c(19): Notify: Saving Parameter "c_id_17 = 19".
Action.c(19): Notify: Saving Parameter "c_id_18 = 20".
Action.c(19): Notify: Saving Parameter "c_id_19 = 21".
Action.c(19): Notify: Saving Parameter "c_id_20 = 22".
Action.c(19): Notify: Saving Parameter "c_id_21 = 23".
Action.c(19): Notify: Saving Parameter "c_id_22 = 24".
Action.c(19): Notify: Saving Parameter "c_id_23 = 25".
Action.c(19): Notify: Saving Parameter "c_id_24 = 26".
Action.c(19): Notify: Saving Parameter "c_id_25 = 27".
Action.c(19): Notify: Saving Parameter "c_id_26 = 28".
Action.c(19): t=5887ms: 12287-byte response body for "http://35.188.114.237:8088/api/v2/users" (RelFrameId=1, Internal ID=1)
Action.c(19):     ame" : "Shubham",\n
Action.c(19):         "surname" : "Khare",\n
Action.c(19):         "adress" : "CTHackATAhon"\n
Action.c(19):       }, {\n
Action.c(19):         "id" : 31,\n
Action.c(19):         "name" : "OnkarM",\n
Action.c(19):         "surname" : "Friend",\n
Action.c(19):         "adress" : "Boston"\n
Action.c(19):       }, {\n
Action.c(19):         "id" : 32,\n
Action.c(19):         "name" : "OnkarM",\n
Action.c(19):         "surname" : "Friend",\n
Action.c(19):         "adress" : "Boston"\n
Action.c(19):       }, {\n
Action.c(19):         "id" : 33,\n
Action.c(19):         "name" : " Adam",\n
Action.c(19):         "surname" : "Sindler",\n
Action.c(19):         "adress" : "Boston"\n
Action.c(19):       }, {\n
Action.c(19):         "id" : 34,\n
Action.c(19):         "name" : "Rajagopal",\n
Action.c(19):         "surname" : "V",\n
Action.c(19):         "adress" : "Bengaluru"\n
Action.c(19):       }, {\n
Action.c(19):         "id" : 35,\n
Action.c(19):         "name" : "OnkarM",\n
Action.c(19):         "surname" : "Friend",\n
Action.c(19):         "adress" : "Boston"\n
Action.c(19):       }, {\n
Action.c(19):         "id" : 36,\n
Action.c(19):         "name" : "OnkarM",\n
Action.c(19):         "surname" : "Friend",\n
Action.c(19):         "adress" : "Boston"\n
Action.c(19):       }, {\n
Action.c(19):         "id" : 37,\n
Action.c(19):         "name" : "OnkarM",\n
Action.c(19):         "surname" : "Friend",\n
Action.c(19):         "adress" : "Boston"\n
Action.c(19):       }, {\n
Action.c(19):         "id" : 39,\n
Action.c(19):         "name" : "Raj",\n
Action.c(19):         "surname" : "test",\n
Action.c(19):         "adress" : "Bengaluru"\n
Action.c(19):       }, {\n
Action.c(19):         "id" : 41,\n
Action.c(19):         "name" : "Raj",\n
Action.c(19):         "surname" : "test",\n
Action.c(19):         "adress" : "Bengaluru"\n
Action.c(19):       }, {\n
Action.c(19):         "id" : 43,\n
Action.c(19):         "name" : "Niks",\n
Action.c(19):         "surname" : "Shah",\n
Action.c(19):         "adress" : "Pune"\n
Action.c(19):       }, {\n
Action.c(19):         "id" : 46,\n
Action.c(19):         "name" : " jagadeesh",\n
Action.c(19):         "surname" : "madhura",\n
Action.c(19):         "adress" : "Bangalore"\n
Action.c(19):       }, {\n
Action.c(19):         "id" : 47,\n
Action.c(19):         "name" : " Adam",\n
Action.c(19):         "surname" : "Sindler",\n
Action.c(19):         "adress" : "Boston"\n
Action.c(19):       }, {\n
Action.c(19):         "id" : 48,\n
Action.c(19):         "name" : "Henry 2",\n
Action.c(19):         "surname" : "Steve 2",\n
Action.c(19):         "adress" : null\n
Action.c(19):       }, {\n
Action.c(19):         "id" : 50,\n
Action.c(19):         "name" : "updateOnkarM",\n
Action.c(19):         "surname" : "Friend",\n
Action.c(19):         "adress" : "Boston"\n
Action.c(19):       }, {\n
Action.c(19):         "id" : 51,\n
Action.c(19):         "name" : " jagadeesh",\n
Action.c(19):         "surname" : "madhura",\n
Action.c(19):         "adress" : "Bangalore"\n
Action.c(19):       }, {\n
Action.c(19):         "id" : 53,\n
Action.c(19):         "name" : " jagadeesh",\n
Action.c(19):         "surname" : "madhura",\n
Action.c(19):         "adress" : "Bangalore"\n
Action.c(19):       }, {\n
Action.c(19):         "id" : 61,\n
Action.c(19):         "name" : " Adam",\n
Action.c(19):         "surname" : "Sindler",\n
Action.c(19):         "adress" : "Boston"\n
Action.c(19):       }, {\n
Action.c(19):         "id" : 63,\n
Action.c(19):         "name" : " Adam",\n
Action.c(19):         "surname" : "Sindler",\n
Action.c(19):         "adress" : "Boston"\n
Action.c(19):       }, {\n
Action.c(19):         "id" : 64,\n
Action.c(19):         "name" : "Raj",\n
Action.c(19):         "surname" : "test",\n
Action.c(19):         "adress" : "Bengaluru"\n
Action.c(19):       }, {\n
Action.c(19):         "id" : 69,\n
Action.c(19):         "name" : "Akshatha",\n
Action.c(19):         "surname" : "Friend",\n
Action.c(19):         "adress" : "Bengaluru"\n
Action.c(19):       }, {\n
Action.c(19):         "id" : 70,\n
Action.c(19):         "name" : "NewAkshatha",\n
Action.c(19):         "surname" : "NewFriend",\n
Action.c(19):         "adress" : "Chennai"\n
Action.c(19):       }, {\n
Action.c(19):         "id" : 71,\n
Action.c(19):         "name" : "NewAkshatha",\n
Action.c(19):         "surname" : "NewFriend",\n
Action.c(19):         "adress" : "Chennai"\n
Action.c(19):       }, {\n
Action.c(19):         "id" : 74,\n
Action.c(19):         "name" : " Adam",\n
Action.c(19):         "surname" : "Sindler",\n
Action.c(19):         "adress" : "Boston"\n
Action.c(19):       }, {\n
Action.c(19):         "id" : 75,\n
Action.c(19):         "name" : " Adam",\n
Action.c(19):         "surname" : "Sindler",\n
Action.c(19):         "adress" : "Boston"\n
Action.c(19):       }, {\n
Action.c(19):         "id" : 77,\n
Action.c(19):         "name" : "Nicholas",\n
Action.c(19):         "surname" : "Cabrera",\n
Action.c(19):         "adress" : null\n
Action.c(19):       }, {\n
Action.c(19):         "id" : 80,\n
Action.c(19):         "name" : "Aaron",\n
Action.c(19):         "surname" : "Ramos",\n
Action.c(19):         "adress" : null\n
Action.c(19):       }, {\n
Action.c(19):         "id" : 87,\n
Action.c(19):         "name" : " Adam",\n
Action.c(19):         "surname" : "Sindler",\n
Action.c(19):         "adress" : "Boston"\n
Action.c(19):       }, {\n
Action.c(19):         "id" : 88,\n
Action.c(19):         "name" : "Jisha",\n
Action.c(19):         "surname" : "Vincent",\n
Action.c(19):         "adress" : "My_Home_CThackATAhon"\n
Action.c(19):       }, {\n
Action.c(19):         "id" : 89,\n
Action.c(19):         "name" : " shubh",\n
Action.c(19):         "surname" : "tade",\n
Action.c(19):         "adress" : "pune"\n
Action.c(19):       }, {\n
Action.c(19):         "id" : 91,\n
Action.c(19):         "name" : " Adam",\n
Action.c(19):         "surname" : "Sindler",\n
Action.c(19):         "adress" : "Bost"\n
Action.c(19):       }, {\n
Action.c(19):         "id" : 93,\n
Action.c(19):         "name" : " shubh",\n
Action.c(19):         "surname" : "tade",\n
Action.c(19):         "adress" : "pune"\n
Action.c(19):       }, {\n
Action.c(19):         "id" : 94,\n
Action.c(19):         "name" : " shubh",\n
Action.c(19):         "surname" : "tade",\n
Action.c(19):         "adress" : "pune"\n
Action.c(19):       }, {\n
Action.c(19):         "id" : 96,\n
Action.c(19):         "name" : " shubh",\n
Action.c(19):         "surname" : "tade",\n
Action.c(19):         "adress" : "pune"\n
Action.c(19):       }, {\n
Action.c(19):         "id" : 100,\n
Action.c(19):         "name" : " shubh",\n
Action.c(19):         "surname" : "tade",\n
Action.c(19):         "adress" : "pune"\n
Action.c(19):       }, {\n
Action.c(19):         "id" : 101,\n
Action.c(19):         "name" : " shubh",\n
Action.c(19):         "surname" : "tade",\n
Action.c(19):         "adress" : "pune"\n
Action.c(19):       }, {\n
Action.c(19):         "id" : 103,\n
Action.c(19):         "name" : "Jisha",\n
Action.c(19):         "surname" : "Vincent",\n
Action.c(19):         "adress" : "My_Home_CThackATAhon"\n
Action.c(19):       }, {\n
Action.c(19):         "id" : 104,\n
Action.c(19):         "name" : " Adam",\n
Action.c(19):         "surname" : "Sindler",\n
Action.c(19):         "adress" : "Boston"\n
Action.c(19):       }, {\n
Action.c(19):         "id" : 105,\n
Action.c(19):         "name" : "Jisha",\n
Action.c(19):         "surname" : "Vincent",\n
Action.c(19):         "adress" : "My_Home_CThackATAhon"\n
Action.c(19):       }, {\n
Action.c(19):         "id" : 106,\n
Action.c(19):         "name" : " problemc user",\n
Action.c(19):         "surname" : "problemc surname",\n
Action.c(19):         "adress" : "problem c address"\n
Action.c(19):       }, {\n
Action.c(19):         "id" : 108,\n
Action.c(19):         "name" : "Jisha",\n
Action.c(19):         "surname" : "Vincent",\n
Action.c(19):         "adress" : "My_Home_CThackATAhon"\n
Action.c(19):       }, {\n
Action.c(19):         "id" : 109,\n
Action.c(19):         "name" : "vmw",\n
Action.c(19):         "surname" : "wmv",\n
Action.c(19):         "adress" : null\n
Action.c(19):       }, {\n
Action.c(19):         "id" : 110,\n
Action.c(19):         "name" : "Jisha01",\n
Action.c(19):         "surname" : "Vincent01",\n
Action.c(19):         "adress" : "Home_002"\n
Action.c(19):       }, {\n
Action.c(19):         "id" : 111,\n
Action.c(19):         "name" : " shubh",\n
Action.c(19):         "surname" : "tade",\n
Action.c(19):         "adress" : "pune"\n
Action.c(19):       }, {\n
Action.c(19):         "id" : 113,\n
Action.c(19):         "name" : "vmw",\n
Action.c(19):         "surname" : "wmv",\n
Action.c(19):         "adress" : null\n
Action.c(19):       }, {\n
Action.c(19):         "id" : 116,\n
Action.c(19):         "name" : "Jisha01",\n
Action.c(19):         "surname" : "Vincent01",\n
Action.c(19):         "adress" : "Home_002"\n
Action.c(19):       }, {\n
Action.c(19):         "id" : 118,\n
Action.c(19):         "name" : "Jisha01",\n
Action.c(19):         "surname" : "Vincent01",\n
Action.c(19):         "adress" : "Home_002"\n
Action.c(19):       }, {\n
Action.c(19):         "id" : 123,\n
Action.c(19):         "name" : " Adam",\n
Action.c(19):         "surname" : "Sindler",\n
Action.c(19):         "adress" : "Boston"\n
Action.c(19):       }, {\n
Action.c(19):         "id" : 125,\n
Action.c(19):         "name" : "Mayank",\n
Action.c(19):         "surname" : "Mahajan",\n
Action.c(19):         "adress" : "Guavus"\n
Action.c(19):       }, {\n
Action.c(19):         "id" : 126,\n
Action.c(19):         "name" : " Adam",\n
Action.c(19):         "surname" : "Sindler",\n
Action.c(19):         "adress" : "Boston"\n
Action.c(19):       }, {\n
Action.c(19):         "id" : 127,\n
Action.c(19):         "name" : "Mayank",\n
Action.c(19):         "surname" : "Mahajan",\n
Action.c(19):         "adress" : "Guavus"\n
Action.c(19):       }, {\n
Action.c(19):         "id" : 128,\n
Action.c(19):         "name" : "Akshay_1592652140.262721",\n
Action.c(19):         "surname" : "Shankar",\n
Action.c(19):         "adress" : "CThackATAhon>"\n
Action.c(19):       }, {\n
Action.c(19):         "id" : 129,\n
Action.c(19):         "name" : " shubh",\n
Action.c(19):         "surname" : "tade",\n
Action.c(19):         "adress" : "pune"\n
Action.c(19):       }, {\n
Action.c(19):         "id" : 131,\n
Action.c(19):         "name" : "Mayank",\n
Action.c(19):         "surname" : "Mahajan",\n
Action.c(19):         "adress" : "Guavus"\n
Action.c(19):       }, {\n
Action.c(19):         "id" : 132,\n
Action.c(19):         "name" : "Mayank",\n
Action.c(19):         "surname" : "Mahajan",\n
Action.c(19):         "adress" : "Guavus"\n
Action.c(19):       }, {\n
Action.c(19):         "id" : 133,\n
Action.c(19):         "name" : "nishant",\n
Action.c(19):         "surname" : "shah",\n
Action.c(19):         "adress" : "PUNE"\n
Action.c(19):       }, {\n
Action.c(19):         "id" : 134,\n
Action.c(19):         "name" : "pappu",\n
Action.c(19):         "surname" : "pappu",\n
Action.c(19):         "adress" : "pappu"\n
Action.c(19):       }, {\n
Action.c(19):         "id" : 135,\n
Action.c(19):         "name" : "Jisha01",\n
Action.c(19):         "surname" : "Vincent01",\n
Action.c(19):         "adress" : "Home_002"\n
Action.c(19):       }, {\n
Action.c(19):         "id" : 136,\n
Action.c(19):         "name" : " yash",\n
Action.c(19):         "surname" : "chaudhari",\n
Action.c(19):         "adress" : "pune"\n
Action.c(19):       }, {\n
Action.c(19):         "id" : 137,\n
Action.c(19):         "name" : " yash",\n
Action.c(19):         "surname" : "chaudhari",\n
Action.c(19):         "adress" : "pune"\n
Action.c(19):       }, {\n
Action.c(19):         "id" : 138,\n
Action.c(19):         "name" : "pappu",\n
Action.c(19):         "surname" : "pappu",\n
Action.c(19):         "adress" : "pappu"\n
Action.c(19):       }, {\n
Action.c(19):         "id" : 139,\n
Action.c(19):         "name" : " Adam",\n
Action.c(19):         "surname" : "Sindler",\n
Action.c(19):         "adress" : "Boston"\n
Action.c(19):       }, {\n
Action.c(19):         "id" : 141,\n
Action.c(19):         "name" : "pappu",\n
Action.c(19):         "surname" : "pappu",\n
Action.c(19):         "adress" : "pappu"\n
Action.c(19):       }, {\n
Action.c(19):         "id" : 143,\n
Action.c(19):         "name" : "Akshay_1592652871.964767",\n
Action.c(19):         "surname" : "Shankar_1592652871.9647832",\n
Action.c(19):         "adress" : "CThackATAhon_1592652871.96479"\n
Action.c(19):       }, {\n
Action.c(19):         "id" : 144,\n
Action.c(19):         "name" : "vmw",\n
Action.c(19):         "surname" : "wmv",\n
Action.c(19):         "adress" : null\n
Action.c(19):       }, {\n
Action.c(19):         "id" : 145,\n
Action.c(19):         "name" : "pappu",\n
Action.c(19):         "surname" : "pappu",\n
Action.c(19):         "adress" : "pappu"\n
Action.c(19):       }, {\n
Action.c(19):         "id" : 146,\n
Action.c(19):         "name" : "vmw",\n
Action.c(19):         "surname" : "wmv",\n
Action.c(19):         "adress" : null\n
Action.c(19):       }, {\n
Action.c(19):         "id" : 147,\n
Action.c(19):         "name" : "Yash",\n
Action.c(19):         "surname" : "Makwana",\n
Action.c(19):         "adress" : "My_Home_CThackATAhon"\n
Action.c(19):       }, {\n
Action.c(19):         "id" : 148,\n
Action.c(19):         "name" : "vmw",\n
Action.c(19):         "surname" : "wmv",\n
Action.c(19):         "adress" : null\n
Action.c(19):       }, {\n
Action.c(19):         "id" : 149,\n
Action.c(19):         "name" : "Virender",\n
Action.c(19):         "surname" : "Singh",\n
Action.c(19):         "adress" : "simple address cthackthon"\n
Action.c(19):       }, {\n
Action.c(19):         "id" : 152,\n
Action.c(19):         "name" : "vmw",\n
Action.c(19):         "surname" : "wakale's",\n
Action.c(19):         "adress" : null\n
Action.c(19):       }, {\n
Action.c(19):         "id" : 153,\n
Action.c(19):         "name" : "Virender",\n
Action.c(19):         "surname" : "Singh",\n
Action.c(19):         "adress" : "simple address cthackthon"\n
Action.c(19):       }, {\n
Action.c(19):         "id" : 154,\n
Action.c(19):         "name" : "Yash",\n
Action.c(19):         "surname" : "Makwana",\n
Action.c(19):         "adress" : "My_Home_CThackATAhon"\n
Action.c(19):       }, {\n
Action.c(19):         "id" : 157,\n
Action.c(19):         "name" : " Adam",\n
Action.c(19):         "surname" : "Sindler",\n
Action.c(19):         "adress" : "Bost"\n
Action.c(19):       }, {\n
Action.c(19):         "id" : 158,\n
Action.c(19):         "name" : "Yash",\n
Action.c(19):         "surname" : "Makwana",\n
Action.c(19):         "adress" : "My_Home_CThackATAhon"\n
Action.c(19):       }, {\n
Action.c(19):         "id" : 159,\n
Action.c(19):         "name" : "vmw",\n
Action.c(19):         "surname" : "wmv",\n
Action.c(19):         "adress" : null\n
Action.c(19):       }, {\n
Action.c(19):         "id" : 160,\n
Action.c(19):         "name" : "vmw",\n
Action.c(19):         "surname" : "wmv",\n
Action.c(19):         "adress" : null\n
Action.c(19):       }, {\n
Action.c(19):         "id" : 161,\n
Action.c(19):         "name" : "test",\n
Action.c(19):         "surname" : "test",\n
Action.c(19):         "adress" : "test"\n
Action.c(19):       }, {\n
Action.c(19):         "id" : 166,\n
Action.c(19):         "name" : "Jisha01",\n
Action.c(19):         "surname" : "Vincent01",\n
Action.c(19):         "adress" : "Home_002"\n
Action.c(19):       }, {\n
Action.c(19):         "id" : 167,\n
Action.c(19):         "name" : "Yash",\n
Action.c(19):         "surname" : "Makwana",\n
Action.c(19):         "adress" : "My_Home_CThackATAhon"\n
Action.c(19):       }, {\n
Action.c(19):         "id" : 169,\n
Action.c(19):         "name" : "Yuvraj",\n
Action.c(19):         "surname" : "Singh",\n
Action.c(19):         "adress" : "complicated address cthackthon"\n
Action.c(19):       }, {\n
Action.c(19):         "id" : 171,\n
Action.c(19):         "name" : "Jisha01",\n
Action.c(19):         "surname" : "Vincent01",\n
Action.c(19):         "adress" : "Home_002"\n
Action.c(19):       }, {\n
Action.c(19):         "id" : 172,\n
Action.c(19):         "name" : "Yash",\n
Action.c(19):         "surname" : "Makwana",\n
Action.c(19):         "adress" : "My_Home_CThackATAhon"\n
Action.c(19):       }, {\n
Action.c(19):         "id" : 173,\n
Action.c(19):         "name" : "Jisha01",\n
Action.c(19):         "surname" : "Vincent01",\n
Action.c(19):         "adress" : "Home_002"\n
Action.c(19):       }, {\n
Action.c(19):         "id" : 174,\n
Action.c(19):         "name" : "Yash",\n
Action.c(19):         "surname" : "Makwana",\n
Action.c(19):         "adress" : "My_Home_CThackATAhon"\n
Action.c(19):       }, {\n
Action.c(19):         "id" : 175,\n
Action.c(19):         "name" : "Jisha01",\n
Action.c(19):         "surname" : "Vincent01",\n
Action.c(19):         "adress" : "Home_002"\n
Action.c(19):       }, {\n
Action.c(19):         "id" : 176,\n
Action.c(19):         "name" : "Yash",\n
Action.c(19):         "surname" : "Makwana",\n
Action.c(19):         "adress" : "My_Home_CThackATAhon"\n
Action.c(19):       }, {\n
Action.c(19):         "id" : 177,\n
Action.c(19):         "name" : "AdityaTest",\n
Action.c(19):         "surname" : "AdityaTest2",\n
Action.c(19):         "adress" : "test address"\n
Action.c(19):       }, {\n
Action.c(19):         "id" : 178,\n
Action.c(19):         "name" : "nishant",\n
Action.c(19):         "surname" : "shah",\n
Action.c(19):         "adress" : "PUNE"\n
Action.c(19):       }, {\n
Action.c(19):         "id" : 179,\n
Action.c(19):         "name" : "Yash",\n
Action.c(19):         "surname" : "Makwana",\n
Action.c(19):         "adress" : "My_Home_CThackATAhon"\n
Action.c(19):       }, {\n
Action.c(19):         "id" : 180,\n
Action.c(19):         "name" : "nishant",\n
Action.c(19):         "surname" : "shah",\n
Action.c(19):         "adress" : "PUNE"\n
Action.c(19):       }, {\n
Action.c(19):         "id" : 182,\n
Action.c(19):         "name" : "Jisha01",\n
Action.c(19):         "surname" : "Vincent01",\n
Action.c(19):         "adress" : "Home_002"\n
Action.c(19):       }, {\n
Action.c(19):         "id" : 183,\n
Action.c(19):         "name" : "Yash",\n
Action.c(19):         "surname" : "Makwana",\n
Action.c(19):         "adress" : "My_Home_CThackATAhon"\n
Action.c(19):       }, {\n
Action.c(19):         "id" : 184,\n
Action.c(19):         "name" : "nishant",\n
Action.c(19):         "surname" : "shah",\n
Action.c(19):         "adress" : "PUNE"\n
Action.c(19):       }, {\n
Action.c(19):         "id" : 185,\n
Action.c(19):         "name" : "Jisha01",\n
Action.c(19):         "surname" : "Vincent01",\n
Action.c(19):         "adress" : "Home_002"\n
Action.c(19):       }, {\n
Action.c(19):         "id" : 186,\n
Action.c(19):         "name" : "Yash",\n
Action.c(19):         "surname" : "Makwana",\n
Action.c(19):         "adress" : "My_Home_CThackATAhon"\n
Action.c(19):       }, {\n
Action.c(19):         "id" : 187,\n
Action.c(19):         "name" : "nishant",\n
Action.c(19):         "surname" : "shah",\n
Action.c(19):         "adress" : "PUNE"\n
Action.c(19):       }, {\n
Action.c(19):         "id" : 188,\n
Action.c(19):         "name" : " Test",\n
Action.c(19):         "surname" : "Sindler",\n
Action.c(19):         "adress" : "Boston"\n
Action.c(19):       }, {\n
Action.c(19):         "id" : 189,\n
Action.c(19):         "name" : "nishant",\n
Action.c(19):         "surname" : "shah",\n
Action.c(19):         "adress" : "PUNE"\n
Action.c(19):       }, {\n
Action.c(19):         "id" : 191,\n
Action.c(19):         "name" : "nishant",\n
Action.c(19):         "surname" : "shah",\n
Action.c(19):         "adress" : "PUNE"\n
Action.c(19):       }, {\n
Action.c(19):         "id" : 194,\n
Action.c(19):         "name" : "nishant",\n
Action.c(19):         "surname" : "shah",\n
Action.c(19):         "adress" : "PUNE"\n
Action.c(19):       }, {\n
Action.c(19):         "id" : 198,\n
Action.c(19):         "name" : "nishant",\n
Action.c(19):         "surname" : "shah",\n
Action.c(19):         "adress" : "PUNE"\n
Action.c(19):       }, {\n
Action.c(19):         "id" : 200,\n
Action.c(19):         "name" : " Test",\n
Action.c(19):         "surname" : "Sindler",\n
Action.c(19):         "adress" : "Boston"\n
Action.c(19):       }, {\n
Action.c(19):         "id" : 202,\n
Action.c(19):         "name" : "nishant",\n
Action.c(19):         "surname" : "shah",\n
Action.c(19):         "adress" : "PUNE"\n
Action.c(19):       }, {\n
Action.c(19):         "id" : 203,\n
Action.c(19):         "name" : "nishant",\n
Action.c(19):         "surname" : "shah",\n
Action.c(19):         "adress" : "PUNE"\n
Action.c(19):       }, {\n
Action.c(19):         "id" : 208,\n
Action.c(19):         "name" : "nishant",\n
Action.c(19):         "surname" : "shah",\n
Action.c(19):         "adress" : "PUNE"\n
Action.c(19):       }, {\n
Action.c(19):         "id" : 210,\n
Action.c(19):         "name" : "adam",\n
Action.c(19):         "surname" : "sindler",\n
Action.c(19):         "adress" : "boston"\n
Action.c(19):       }, {\n
Action.c(19):         "id" : 211,\n
Action.c(19):         "name" : "aditest3",\n
Action.c(19):         "surname" : "aditest3",\n
Action.c(19):         "adress" : "aditest3"\n
Action.c(19):       }, {\n
Action.c(19):         "id" : 212,\n
Action.c(19):         "name" : "Subodh",\n
Action.c(19):         "surname" : "Singh",\n
Action.c(19):         "adress" : null\n
Action.c(19):       }, {\n
Action.c(19):         "id" : 213,\n
Action.c(19):         "name" : "Subodh",\n
Action.c(19):         "surname" : "Singh",\n
Action.c(19):         "adress" : null\n
Action.c(19):       }, {\n
Action.c(19):         "id" : 214,\n
Action.c(19):         "name" : "Subodh",\n
Action.c(19):         "surname" : "Singh",\n
Action.c(19):         "adress" : null\n
Action.c(19):       }, {\n
Action.c(19):         "id" : 218,\n
Action.c(19):         "name" : "Subodh",\n
Action.c(19):         "surname" : "Singh",\n
Action.c(19):         "adress" : null\n
Action.c(19):       }, {\n
Action.c(19):         "id" : 223,\n
Action.c(19):         "name" : "Subodh",\n
Action.c(19):         "surname" : "Singh",\n
Action.c(19):         "adress" : null\n
Action.c(19):       }, {\n
Action.c(19):         "id" : 230,\n
Action.c(19):         "name" : "OnkarM",\n
Action.c(19):         "surname" : "Friend",\n
Action.c(19):         "adress" : "Boston"\n
Action.c(19):       }, {\n
Action.c(19):         "id" : 232,\n
Action.c(19):         "name" : "Mayank100",\n
Action.c(19):         "surname" : "Mahajan1",\n
Action.c(19):         "adress" : "Guavus1"\n
Action.c(19):       }, {\n
Action.c(19):         "id" : 237,\n
Action.c(19):         "name" : "Mayank100",\n
Action.c(19):         "surname" : "Mahajan1",\n
Action.c(19):         "adress" : "Guavus1"\n
Action.c(19):       }, {\n
Action.c(19):         "id" : 239,\n
Action.c(19):         "name" : "OnkarM",\n
Action.c(19):         "surname" : "Friend",\n
Action.c(19):         "adress" : "Boston"\n
Action.c(19):       }, {\n
Action.c(19):         "id" : 240,\n
Action.c(19):         "name" : "Mayank100",\n
Action.c(19):         "surname" : "Mahajan1",\n
Action.c(19):         "adress" : "Guavus1"\n
Action.c(19):       }, {\n
Action.c(19):         "id" : 243,\n
Action.c(19):         "name" : " Test-Pooja",\n
Action.c(19):         "surname" : "Testpatel",\n
Action.c(19):         "adress" : "CTHackathon"\n
Action.c(19):       }, {\n
Action.c(19):         "id" : 244,\n
Action.c(19):         "name" : " Anup",\n
Action.c(19):         "surname" : "Dange",\n
Action.c(19):         "adress" : "Nasik MH"\n
Action.c(19):       }, {\n
Action.c(19):         "id" : 245,\n
Action.c(19):         "name" : " Anup",\n
Action.c(19):         "surname" : "Dange",\n
Action.c(19):         "adress" : "Nasik MH"\n
Action.c(19):       }, {\n
Action.c(19):         "id" : 247,\n
Action.c(19):         "name" : "Mayank100",\n
Action.c(19):         "surname" : "Mahajan1",\n
Action.c(19):         "adress" : "Guavus1"\n
Action.c(19):       }, {\n
Action.c(19):         "id" : 253,\n
Action.c(19):         "name" : "Mayank1001",\n
Action.c(19):         "surname" : "Mahajan1",\n
Action.c(19):         "adress" : "Guavus1"\n
Action.c(19):       }, {\n
Action.c(19):         "id" : 254,\n
Action.c(19):         "name" : " shubh",\n
Action.c(19):         "surname" : "tade",\n
Action.c(19):         "adress" : "pune"\n
Action.c(19):       }, {\n
Action.c(19):         "id" : 257,\n
Action.c(19):         "name" : "Mayank1001",\n
Action.c(19):         "surname" : "Mahajan1",\n
Action.c(19):         "adress" : "Guavus1"\n
Action.c(19):       },
Action.c(19): Notify: Saving Parameter "c_id_27 = 31".
Action.c(19): Notify: Saving Parameter "c_id_28 = 32".
Action.c(19): Notify: Saving Parameter "c_id_29 = 33".
Action.c(19): Notify: Saving Parameter "c_id_30 = 34".
Action.c(19): Notify: Saving Parameter "c_id_31 = 35".
Action.c(19): Notify: Saving Parameter "c_id_32 = 36".
Action.c(19): Notify: Saving Parameter "c_id_33 = 37".
Action.c(19): Notify: Saving Parameter "c_id_34 = 39".
Action.c(19): Notify: Saving Parameter "c_id_35 = 41".
Action.c(19): Notify: Saving Parameter "c_id_36 = 43".
Action.c(19): Notify: Saving Parameter "c_id_37 = 46".
Action.c(19): Notify: Saving Parameter "c_id_38 = 47".
Action.c(19): Notify: Saving Parameter "c_id_39 = 48".
Action.c(19): Notify: Saving Parameter "c_id_40 = 50".
Action.c(19): Notify: Saving Parameter "c_id_41 = 51".
Action.c(19): Notify: Saving Parameter "c_id_42 = 53".
Action.c(19): Notify: Saving Parameter "c_id_43 = 61".
Action.c(19): Notify: Saving Parameter "c_id_44 = 63".
Action.c(19): Notify: Saving Parameter "c_id_45 = 64".
Action.c(19): Notify: Saving Parameter "c_id_46 = 69".
Action.c(19): Notify: Saving Parameter "c_id_47 = 70".
Action.c(19): Notify: Saving Parameter "c_id_48 = 71".
Action.c(19): Notify: Saving Parameter "c_id_49 = 74".
Action.c(19): Notify: Saving Parameter "c_id_50 = 75".
Action.c(19): Notify: Saving Parameter "c_id_51 = 77".
Action.c(19): Notify: Saving Parameter "c_id_52 = 80".
Action.c(19): Notify: Saving Parameter "c_id_53 = 87".
Action.c(19): Notify: Saving Parameter "c_id_54 = 88".
Action.c(19): Notify: Saving Parameter "c_id_55 = 89".
Action.c(19): Notify: Saving Parameter "c_id_56 = 91".
Action.c(19): Notify: Saving Parameter "c_id_57 = 93".
Action.c(19): Notify: Saving Parameter "c_id_58 = 94".
Action.c(19): Notify: Saving Parameter "c_id_59 = 96".
Action.c(19): Notify: Saving Parameter "c_id_60 = 100".
Action.c(19): Notify: Saving Parameter "c_id_61 = 101".
Action.c(19): Notify: Saving Parameter "c_id_62 = 103".
Action.c(19): Notify: Saving Parameter "c_id_63 = 104".
Action.c(19): Notify: Saving Parameter "c_id_64 = 105".
Action.c(19): Notify: Saving Parameter "c_id_65 = 106".
Action.c(19): Notify: Saving Parameter "c_id_66 = 108".
Action.c(19): Notify: Saving Parameter "c_id_67 = 109".
Action.c(19): Notify: Saving Parameter "c_id_68 = 110".
Action.c(19): Notify: Saving Parameter "c_id_69 = 111".
Action.c(19): Notify: Saving Parameter "c_id_70 = 113".
Action.c(19): Notify: Saving Parameter "c_id_71 = 116".
Action.c(19): Notify: Saving Parameter "c_id_72 = 118".
Action.c(19): Notify: Saving Parameter "c_id_73 = 123".
Action.c(19): Notify: Saving Parameter "c_id_74 = 125".
Action.c(19): Notify: Saving Parameter "c_id_75 = 126".
Action.c(19): Notify: Saving Parameter "c_id_76 = 127".
Action.c(19): Notify: Saving Parameter "c_id_77 = 128".
Action.c(19): Notify: Saving Parameter "c_id_78 = 129".
Action.c(19): Notify: Saving Parameter "c_id_79 = 131".
Action.c(19): Notify: Saving Parameter "c_id_80 = 132".
Action.c(19): Notify: Saving Parameter "c_id_81 = 133".
Action.c(19): Notify: Saving Parameter "c_id_82 = 134".
Action.c(19): Notify: Saving Parameter "c_id_83 = 135".
Action.c(19): Notify: Saving Parameter "c_id_84 = 136".
Action.c(19): Notify: Saving Parameter "c_id_85 = 137".
Action.c(19): Notify: Saving Parameter "c_id_86 = 138".
Action.c(19): Notify: Saving Parameter "c_id_87 = 139".
Action.c(19): Notify: Saving Parameter "c_id_88 = 141".
Action.c(19): Notify: Saving Parameter "c_id_89 = 143".
Action.c(19): Notify: Saving Parameter "c_id_90 = 144".
Action.c(19): Notify: Saving Parameter "c_id_91 = 145".
Action.c(19): Notify: Saving Parameter "c_id_92 = 146".
Action.c(19): Notify: Saving Parameter "c_id_93 = 147".
Action.c(19): Notify: Saving Parameter "c_id_94 = 148".
Action.c(19): Notify: Saving Parameter "c_id_95 = 149".
Action.c(19): Notify: Saving Parameter "c_id_96 = 152".
Action.c(19): Notify: Saving Parameter "c_id_97 = 153".
Action.c(19): Notify: Saving Parameter "c_id_98 = 154".
Action.c(19): Notify: Saving Parameter "c_id_99 = 157".
Action.c(19): Notify: Saving Parameter "c_id_100 = 158".
Action.c(19): Notify: Saving Parameter "c_id_101 = 159".
Action.c(19): Notify: Saving Parameter "c_id_102 = 160".
Action.c(19): Notify: Saving Parameter "c_id_103 = 161".
Action.c(19): Notify: Saving Parameter "c_id_104 = 166".
Action.c(19): Notify: Saving Parameter "c_id_105 = 167".
Action.c(19): Notify: Saving Parameter "c_id_106 = 169".
Action.c(19): Notify: Saving Parameter "c_id_107 = 171".
Action.c(19): Notify: Saving Parameter "c_id_108 = 172".
Action.c(19): Notify: Saving Parameter "c_id_109 = 173".
Action.c(19): Notify: Saving Parameter "c_id_110 = 174".
Action.c(19): Notify: Saving Parameter "c_id_111 = 175".
Action.c(19): Notify: Saving Parameter "c_id_112 = 176".
Action.c(19): Notify: Saving Parameter "c_id_113 = 177".
Action.c(19): Notify: Saving Parameter "c_id_114 = 178".
Action.c(19): Notify: Saving Parameter "c_id_115 = 179".
Action.c(19): Notify: Saving Parameter "c_id_116 = 180".
Action.c(19): Notify: Saving Parameter "c_id_117 = 182".
Action.c(19): Notify: Saving Parameter "c_id_118 = 183".
Action.c(19): Notify: Saving Parameter "c_id_119 = 184".
Action.c(19): Notify: Saving Parameter "c_id_120 = 185".
Action.c(19): Notify: Saving Parameter "c_id_121 = 186".
Action.c(19): Notify: Saving Parameter "c_id_122 = 187".
Action.c(19): Notify: Saving Parameter "c_id_123 = 188".
Action.c(19): Notify: Saving Parameter "c_id_124 = 189".
Action.c(19): Notify: Saving Parameter "c_id_125 = 191".
Action.c(19): Notify: Saving Parameter "c_id_126 = 194".
Action.c(19): Notify: Saving Parameter "c_id_127 = 198".
Action.c(19): Notify: Saving Parameter "c_id_128 = 200".
Action.c(19): Notify: Saving Parameter "c_id_129 = 202".
Action.c(19): Notify: Saving Parameter "c_id_130 = 203".
Action.c(19): Notify: Saving Parameter "c_id_131 = 208".
Action.c(19): Notify: Saving Parameter "c_id_132 = 210".
Action.c(19): Notify: Saving Parameter "c_id_133 = 211".
Action.c(19): Notify: Saving Parameter "c_id_134 = 212".
Action.c(19): Notify: Saving Parameter "c_id_135 = 213".
Action.c(19): Notify: Saving Parameter "c_id_136 = 214".
Action.c(19): Notify: Saving Parameter "c_id_137 = 218".
Action.c(19): Notify: Saving Parameter "c_id_138 = 223".
Action.c(19): Notify: Saving Parameter "c_id_139 = 230".
Action.c(19): Notify: Saving Parameter "c_id_140 = 232".
Action.c(19): Notify: Saving Parameter "c_id_141 = 237".
Action.c(19): Notify: Saving Parameter "c_id_142 = 239".
Action.c(19): Notify: Saving Parameter "c_id_143 = 240".
Action.c(19): Notify: Saving Parameter "c_id_144 = 243".
Action.c(19): Notify: Saving Parameter "c_id_145 = 244".
Action.c(19): Notify: Saving Parameter "c_id_146 = 245".
Action.c(19): Notify: Saving Parameter "c_id_147 = 247".
Action.c(19): Notify: Saving Parameter "c_id_148 = 253".
Action.c(19): Notify: Saving Parameter "c_id_149 = 254".
Action.c(19): Notify: Saving Parameter "c_id_150 = 257".
Action.c(19): t=5926ms: 1101-byte response body for "http://35.188.114.237:8088/api/v2/users" (RelFrameId=1, Internal ID=1)
Action.c(19):      {\n
Action.c(19):         "id" : 260,\n
Action.c(19):         "name" : "Mayank1001",\n
Action.c(19):         "surname" : "Mahajan1",\n
Action.c(19):         "adress" : "Guavus1"\n
Action.c(19):       }, {\n
Action.c(19):         "id" : 261,\n
Action.c(19):         "name" : "Mayank1001",\n
Action.c(19):         "surname" : "Mahajan1",\n
Action.c(19):         "adress" : "Guavus1"\n
Action.c(19):       }, {\n
Action.c(19):         "id" : 262,\n
Action.c(19):         "name" : "Mayank1001",\n
Action.c(19):         "surname" : "Mahajan1",\n
Action.c(19):         "adress" : "Guavus1"\n
Action.c(19):       }, {\n
Action.c(19):         "id" : 263,\n
Action.c(19):         "name" : "Mayank1001",\n
Action.c(19):         "surname" : "Mahajan1",\n
Action.c(19):         "adress" : "Guavus1"\n
Action.c(19):       }, {\n
Action.c(19):         "id" : 264,\n
Action.c(19):         "name" : "Subodh",\n
Action.c(19):         "surname" : "Singh",\n
Action.c(19):         "adress" : "Pune"\n
Action.c(19):       }, {\n
Action.c(19):         "id" : 266,\n
Action.c(19):         "name" : "Mayank1001",\n
Action.c(19):         "surname" : "Mahajan1",\n
Action.c(19):         "adress" : "Guavus1"\n
Action.c(19):       }, {\n
Action.c(19):         "id" : 267,\n
Action.c(19):         "name" : "Subodh",\n
Action.c(19):         "surname" : "Singh",\n
Action.c(19):         "adress" : "Pune"\n
Action.c(19):       }, {\n
Action.c(19):         "id" : 268,\n
Action.c(19):         "name" : "Subodh",\n
Action.c(19):         "surname" : "Singh",\n
Action.c(19):         "adress" : "Pune"\n
Action.c(19):       }, {\n
Action.c(19):         "id" : 271,\n
Action.c(19):         "name" : "Subodh",\n
Action.c(19):         "surname" : "Singh",\n
Action.c(19):         "adress" : "Pune"\n
Action.c(19):       }, {\n
Action.c(19):         "id" : 272,\n
Action.c(19):         "name" : "Jisha01",\n
Action.c(19):         "surname" : "Vincent01",\n
Action.c(19):         "adress" : "Home_002"\n
Action.c(19):       }, {\n
Action.c(19):         "id" : 273,\n
Action.c(19):         "name" : "Yash",\n
Action.c(19):         "surname" : "Makwana",\n
Action.c(19):         "adress" : "My_Home_CThackATAhon"\n
Action.c(19):       } ]\n
Action.c(19):     }
Action.c(19): Notify: Saving Parameter "c_id_151 = 260".
Action.c(19): Notify: Saving Parameter "c_id_152 = 261".
Action.c(19): Notify: Saving Parameter "c_id_153 = 262".
Action.c(19): Notify: Saving Parameter "c_id_154 = 263".
Action.c(19): Notify: Saving Parameter "c_id_155 = 264".
Action.c(19): Notify: Saving Parameter "c_id_156 = 266".
Action.c(19): Notify: Saving Parameter "c_id_157 = 267".
Action.c(19): Notify: Saving Parameter "c_id_158 = 268".
Action.c(19): Notify: Saving Parameter "c_id_159 = 271".
Action.c(19): Notify: Saving Parameter "c_id_160 = 272".
Action.c(19): Notify: Saving Parameter "c_id_161 = 273".
Action.c(19): Notify: Saving Parameter "c_id_count = 161".
Action.c(19): web_url("users") was successful, 15965 body bytes, 343 header bytes  	[MsgId: MMSG-26386]
Action.c(28): Notify: Parameter Substitution: parameter "c_id_count" =  "161"
Action.c(33): Notify: Parameter Substitution: parameter "c_id_1" =  "2"
Action.c(28): Notify: Parameter Substitution: parameter "c_id_count" =  "161"
Action.c(33): Notify: Parameter Substitution: parameter "c_id_2" =  "3"
Action.c(28): Notify: Parameter Substitution: parameter "c_id_count" =  "161"
Action.c(33): Notify: Parameter Substitution: parameter "c_id_3" =  "4"
Action.c(28): Notify: Parameter Substitution: parameter "c_id_count" =  "161"
Action.c(33): Notify: Parameter Substitution: parameter "c_id_4" =  "5"
Action.c(28): Notify: Parameter Substitution: parameter "c_id_count" =  "161"
Action.c(33): Notify: Parameter Substitution: parameter "c_id_5" =  "6"
Action.c(28): Notify: Parameter Substitution: parameter "c_id_count" =  "161"
Action.c(33): Notify: Parameter Substitution: parameter "c_id_6" =  "7"
Action.c(28): Notify: Parameter Substitution: parameter "c_id_count" =  "161"
Action.c(33): Notify: Parameter Substitution: parameter "c_id_7" =  "8"
Action.c(28): Notify: Parameter Substitution: parameter "c_id_count" =  "161"
Action.c(33): Notify: Parameter Substitution: parameter "c_id_8" =  "10"
Action.c(28): Notify: Parameter Substitution: parameter "c_id_count" =  "161"
Action.c(33): Notify: Parameter Substitution: parameter "c_id_9" =  "11"
Action.c(28): Notify: Parameter Substitution: parameter "c_id_count" =  "161"
Action.c(33): Notify: Parameter Substitution: parameter "c_id_10" =  "12"
Action.c(28): Notify: Parameter Substitution: parameter "c_id_count" =  "161"
Action.c(33): Notify: Parameter Substitution: parameter "c_id_11" =  "13"
Action.c(28): Notify: Parameter Substitution: parameter "c_id_count" =  "161"
Action.c(33): Notify: Parameter Substitution: parameter "c_id_12" =  "14"
Action.c(28): Notify: Parameter Substitution: parameter "c_id_count" =  "161"
Action.c(33): Notify: Parameter Substitution: parameter "c_id_13" =  "15"
Action.c(28): Notify: Parameter Substitution: parameter "c_id_count" =  "161"
Action.c(33): Notify: Parameter Substitution: parameter "c_id_14" =  "16"
Action.c(28): Notify: Parameter Substitution: parameter "c_id_count" =  "161"
Action.c(33): Notify: Parameter Substitution: parameter "c_id_15" =  "17"
Action.c(28): Notify: Parameter Substitution: parameter "c_id_count" =  "161"
Action.c(33): Notify: Parameter Substitution: parameter "c_id_16" =  "18"
Action.c(28): Notify: Parameter Substitution: parameter "c_id_count" =  "161"
Action.c(33): Notify: Parameter Substitution: parameter "c_id_17" =  "19"
Action.c(28): Notify: Parameter Substitution: parameter "c_id_count" =  "161"
Action.c(33): Notify: Parameter Substitution: parameter "c_id_18" =  "20"
Action.c(28): Notify: Parameter Substitution: parameter "c_id_count" =  "161"
Action.c(33): Notify: Parameter Substitution: parameter "c_id_19" =  "21"
Action.c(28): Notify: Parameter Substitution: parameter "c_id_count" =  "161"
Action.c(33): Notify: Parameter Substitution: parameter "c_id_20" =  "22"
Action.c(28): Notify: Parameter Substitution: parameter "c_id_count" =  "161"
Action.c(33): Notify: Parameter Substitution: parameter "c_id_21" =  "23"
Action.c(28): Notify: Parameter Substitution: parameter "c_id_count" =  "161"
Action.c(33): Notify: Parameter Substitution: parameter "c_id_22" =  "24"
Action.c(28): Notify: Parameter Substitution: parameter "c_id_count" =  "161"
Action.c(33): Notify: Parameter Substitution: parameter "c_id_23" =  "25"
Action.c(28): Notify: Parameter Substitution: parameter "c_id_count" =  "161"
Action.c(33): Notify: Parameter Substitution: parameter "c_id_24" =  "26"
Action.c(28): Notify: Parameter Substitution: parameter "c_id_count" =  "161"
Action.c(33): Notify: Parameter Substitution: parameter "c_id_25" =  "27"
Action.c(28): Notify: Parameter Substitution: parameter "c_id_count" =  "161"
Action.c(33): Notify: Parameter Substitution: parameter "c_id_26" =  "28"
Action.c(28): Notify: Parameter Substitution: parameter "c_id_count" =  "161"
Action.c(33): Notify: Parameter Substitution: parameter "c_id_27" =  "31"
Action.c(28): Notify: Parameter Substitution: parameter "c_id_count" =  "161"
Action.c(33): Notify: Parameter Substitution: parameter "c_id_28" =  "32"
Action.c(28): Notify: Parameter Substitution: parameter "c_id_count" =  "161"
Action.c(33): Notify: Parameter Substitution: parameter "c_id_29" =  "33"
Action.c(28): Notify: Parameter Substitution: parameter "c_id_count" =  "161"
Action.c(33): Notify: Parameter Substitution: parameter "c_id_30" =  "34"
Action.c(28): Notify: Parameter Substitution: parameter "c_id_count" =  "161"
Action.c(33): Notify: Parameter Substitution: parameter "c_id_31" =  "35"
Action.c(28): Notify: Parameter Substitution: parameter "c_id_count" =  "161"
Action.c(33): Notify: Parameter Substitution: parameter "c_id_32" =  "36"
Action.c(28): Notify: Parameter Substitution: parameter "c_id_count" =  "161"
Action.c(33): Notify: Parameter Substitution: parameter "c_id_33" =  "37"
Action.c(28): Notify: Parameter Substitution: parameter "c_id_count" =  "161"
Action.c(33): Notify: Parameter Substitution: parameter "c_id_34" =  "39"
Action.c(28): Notify: Parameter Substitution: parameter "c_id_count" =  "161"
Action.c(33): Notify: Parameter Substitution: parameter "c_id_35" =  "41"
Action.c(28): Notify: Parameter Substitution: parameter "c_id_count" =  "161"
Action.c(33): Notify: Parameter Substitution: parameter "c_id_36" =  "43"
Action.c(28): Notify: Parameter Substitution: parameter "c_id_count" =  "161"
Action.c(33): Notify: Parameter Substitution: parameter "c_id_37" =  "46"
Action.c(28): Notify: Parameter Substitution: parameter "c_id_count" =  "161"
Action.c(33): Notify: Parameter Substitution: parameter "c_id_38" =  "47"
Action.c(28): Notify: Parameter Substitution: parameter "c_id_count" =  "161"
Action.c(33): Notify: Parameter Substitution: parameter "c_id_39" =  "48"
Action.c(28): Notify: Parameter Substitution: parameter "c_id_count" =  "161"
Action.c(33): Notify: Parameter Substitution: parameter "c_id_40" =  "50"
Action.c(28): Notify: Parameter Substitution: parameter "c_id_count" =  "161"
Action.c(33): Notify: Parameter Substitution: parameter "c_id_41" =  "51"
Action.c(28): Notify: Parameter Substitution: parameter "c_id_count" =  "161"
Action.c(33): Notify: Parameter Substitution: parameter "c_id_42" =  "53"
Action.c(28): Notify: Parameter Substitution: parameter "c_id_count" =  "161"
Action.c(33): Notify: Parameter Substitution: parameter "c_id_43" =  "61"
Action.c(28): Notify: Parameter Substitution: parameter "c_id_count" =  "161"
Action.c(33): Notify: Parameter Substitution: parameter "c_id_44" =  "63"
Action.c(28): Notify: Parameter Substitution: parameter "c_id_count" =  "161"
Action.c(33): Notify: Parameter Substitution: parameter "c_id_45" =  "64"
Action.c(28): Notify: Parameter Substitution: parameter "c_id_count" =  "161"
Action.c(33): Notify: Parameter Substitution: parameter "c_id_46" =  "69"
Action.c(28): Notify: Parameter Substitution: parameter "c_id_count" =  "161"
Action.c(33): Notify: Parameter Substitution: parameter "c_id_47" =  "70"
Action.c(28): Notify: Parameter Substitution: parameter "c_id_count" =  "161"
Action.c(33): Notify: Parameter Substitution: parameter "c_id_48" =  "71"
Action.c(28): Notify: Parameter Substitution: parameter "c_id_count" =  "161"
Action.c(33): Notify: Parameter Substitution: parameter "c_id_49" =  "74"
Action.c(28): Notify: Parameter Substitution: parameter "c_id_count" =  "161"
Action.c(33): Notify: Parameter Substitution: parameter "c_id_50" =  "75"
Action.c(28): Notify: Parameter Substitution: parameter "c_id_count" =  "161"
Action.c(33): Notify: Parameter Substitution: parameter "c_id_51" =  "77"
Action.c(28): Notify: Parameter Substitution: parameter "c_id_count" =  "161"
Action.c(33): Notify: Parameter Substitution: parameter "c_id_52" =  "80"
Action.c(28): Notify: Parameter Substitution: parameter "c_id_count" =  "161"
Action.c(33): Notify: Parameter Substitution: parameter "c_id_53" =  "87"
Action.c(28): Notify: Parameter Substitution: parameter "c_id_count" =  "161"
Action.c(33): Notify: Parameter Substitution: parameter "c_id_54" =  "88"
Action.c(28): Notify: Parameter Substitution: parameter "c_id_count" =  "161"
Action.c(33): Notify: Parameter Substitution: parameter "c_id_55" =  "89"
Action.c(28): Notify: Parameter Substitution: parameter "c_id_count" =  "161"
Action.c(33): Notify: Parameter Substitution: parameter "c_id_56" =  "91"
Action.c(28): Notify: Parameter Substitution: parameter "c_id_count" =  "161"
Action.c(33): Notify: Parameter Substitution: parameter "c_id_57" =  "93"
Action.c(28): Notify: Parameter Substitution: parameter "c_id_count" =  "161"
Action.c(33): Notify: Parameter Substitution: parameter "c_id_58" =  "94"
Action.c(28): Notify: Parameter Substitution: parameter "c_id_count" =  "161"
Action.c(33): Notify: Parameter Substitution: parameter "c_id_59" =  "96"
Action.c(28): Notify: Parameter Substitution: parameter "c_id_count" =  "161"
Action.c(33): Notify: Parameter Substitution: parameter "c_id_60" =  "100"
Action.c(28): Notify: Parameter Substitution: parameter "c_id_count" =  "161"
Action.c(33): Notify: Parameter Substitution: parameter "c_id_61" =  "101"
Action.c(28): Notify: Parameter Substitution: parameter "c_id_count" =  "161"
Action.c(33): Notify: Parameter Substitution: parameter "c_id_62" =  "103"
Action.c(28): Notify: Parameter Substitution: parameter "c_id_count" =  "161"
Action.c(33): Notify: Parameter Substitution: parameter "c_id_63" =  "104"
Action.c(28): Notify: Parameter Substitution: parameter "c_id_count" =  "161"
Action.c(33): Notify: Parameter Substitution: parameter "c_id_64" =  "105"
Action.c(28): Notify: Parameter Substitution: parameter "c_id_count" =  "161"
Action.c(33): Notify: Parameter Substitution: parameter "c_id_65" =  "106"
Action.c(28): Notify: Parameter Substitution: parameter "c_id_count" =  "161"
Action.c(33): Notify: Parameter Substitution: parameter "c_id_66" =  "108"
Action.c(28): Notify: Parameter Substitution: parameter "c_id_count" =  "161"
Action.c(33): Notify: Parameter Substitution: parameter "c_id_67" =  "109"
Action.c(28): Notify: Parameter Substitution: parameter "c_id_count" =  "161"
Action.c(33): Notify: Parameter Substitution: parameter "c_id_68" =  "110"
Action.c(28): Notify: Parameter Substitution: parameter "c_id_count" =  "161"
Action.c(33): Notify: Parameter Substitution: parameter "c_id_69" =  "111"
Action.c(28): Notify: Parameter Substitution: parameter "c_id_count" =  "161"
Action.c(33): Notify: Parameter Substitution: parameter "c_id_70" =  "113"
Action.c(28): Notify: Parameter Substitution: parameter "c_id_count" =  "161"
Action.c(33): Notify: Parameter Substitution: parameter "c_id_71" =  "116"
Action.c(28): Notify: Parameter Substitution: parameter "c_id_count" =  "161"
Action.c(33): Notify: Parameter Substitution: parameter "c_id_72" =  "118"
Action.c(28): Notify: Parameter Substitution: parameter "c_id_count" =  "161"
Action.c(33): Notify: Parameter Substitution: parameter "c_id_73" =  "123"
Action.c(28): Notify: Parameter Substitution: parameter "c_id_count" =  "161"
Action.c(33): Notify: Parameter Substitution: parameter "c_id_74" =  "125"
Action.c(28): Notify: Parameter Substitution: parameter "c_id_count" =  "161"
Action.c(33): Notify: Parameter Substitution: parameter "c_id_75" =  "126"
Action.c(28): Notify: Parameter Substitution: parameter "c_id_count" =  "161"
Action.c(33): Notify: Parameter Substitution: parameter "c_id_76" =  "127"
Action.c(28): Notify: Parameter Substitution: parameter "c_id_count" =  "161"
Action.c(33): Notify: Parameter Substitution: parameter "c_id_77" =  "128"
Action.c(28): Notify: Parameter Substitution: parameter "c_id_count" =  "161"
Action.c(33): Notify: Parameter Substitution: parameter "c_id_78" =  "129"
Action.c(28): Notify: Parameter Substitution: parameter "c_id_count" =  "161"
Action.c(33): Notify: Parameter Substitution: parameter "c_id_79" =  "131"
Action.c(28): Notify: Parameter Substitution: parameter "c_id_count" =  "161"
Action.c(33): Notify: Parameter Substitution: parameter "c_id_80" =  "132"
Action.c(28): Notify: Parameter Substitution: parameter "c_id_count" =  "161"
Action.c(33): Notify: Parameter Substitution: parameter "c_id_81" =  "133"
Action.c(28): Notify: Parameter Substitution: parameter "c_id_count" =  "161"
Action.c(33): Notify: Parameter Substitution: parameter "c_id_82" =  "134"
Action.c(28): Notify: Parameter Substitution: parameter "c_id_count" =  "161"
Action.c(33): Notify: Parameter Substitution: parameter "c_id_83" =  "135"
Action.c(28): Notify: Parameter Substitution: parameter "c_id_count" =  "161"
Action.c(33): Notify: Parameter Substitution: parameter "c_id_84" =  "136"
Action.c(28): Notify: Parameter Substitution: parameter "c_id_count" =  "161"
Action.c(33): Notify: Parameter Substitution: parameter "c_id_85" =  "137"
Action.c(28): Notify: Parameter Substitution: parameter "c_id_count" =  "161"
Action.c(33): Notify: Parameter Substitution: parameter "c_id_86" =  "138"
Action.c(28): Notify: Parameter Substitution: parameter "c_id_count" =  "161"
Action.c(33): Notify: Parameter Substitution: parameter "c_id_87" =  "139"
Action.c(28): Notify: Parameter Substitution: parameter "c_id_count" =  "161"
Action.c(33): Notify: Parameter Substitution: parameter "c_id_88" =  "141"
Action.c(28): Notify: Parameter Substitution: parameter "c_id_count" =  "161"
Action.c(33): Notify: Parameter Substitution: parameter "c_id_89" =  "143"
Action.c(28): Notify: Parameter Substitution: parameter "c_id_count" =  "161"
Action.c(33): Notify: Parameter Substitution: parameter "c_id_90" =  "144"
Action.c(28): Notify: Parameter Substitution: parameter "c_id_count" =  "161"
Action.c(33): Notify: Parameter Substitution: parameter "c_id_91" =  "145"
Action.c(28): Notify: Parameter Substitution: parameter "c_id_count" =  "161"
Action.c(33): Notify: Parameter Substitution: parameter "c_id_92" =  "146"
Action.c(28): Notify: Parameter Substitution: parameter "c_id_count" =  "161"
Action.c(33): Notify: Parameter Substitution: parameter "c_id_93" =  "147"
Action.c(28): Notify: Parameter Substitution: parameter "c_id_count" =  "161"
Action.c(33): Notify: Parameter Substitution: parameter "c_id_94" =  "148"
Action.c(28): Notify: Parameter Substitution: parameter "c_id_count" =  "161"
Action.c(33): Notify: Parameter Substitution: parameter "c_id_95" =  "149"
Action.c(28): Notify: Parameter Substitution: parameter "c_id_count" =  "161"
Action.c(33): Notify: Parameter Substitution: parameter "c_id_96" =  "152"
Action.c(28): Notify: Parameter Substitution: parameter "c_id_count" =  "161"
Action.c(33): Notify: Parameter Substitution: parameter "c_id_97" =  "153"
Action.c(28): Notify: Parameter Substitution: parameter "c_id_count" =  "161"
Action.c(33): Notify: Parameter Substitution: parameter "c_id_98" =  "154"
Action.c(28): Notify: Parameter Substitution: parameter "c_id_count" =  "161"
Action.c(33): Notify: Parameter Substitution: parameter "c_id_99" =  "157"
Action.c(28): Notify: Parameter Substitution: parameter "c_id_count" =  "161"
Action.c(33): Notify: Parameter Substitution: parameter "c_id_100" =  "158"
Action.c(28): Notify: Parameter Substitution: parameter "c_id_count" =  "161"
Action.c(33): Notify: Parameter Substitution: parameter "c_id_101" =  "159"
Action.c(28): Notify: Parameter Substitution: parameter "c_id_count" =  "161"
Action.c(33): Notify: Parameter Substitution: parameter "c_id_102" =  "160"
Action.c(28): Notify: Parameter Substitution: parameter "c_id_count" =  "161"
Action.c(33): Notify: Parameter Substitution: parameter "c_id_103" =  "161"
Action.c(28): Notify: Parameter Substitution: parameter "c_id_count" =  "161"
Action.c(33): Notify: Parameter Substitution: parameter "c_id_104" =  "166"
Action.c(28): Notify: Parameter Substitution: parameter "c_id_count" =  "161"
Action.c(33): Notify: Parameter Substitution: parameter "c_id_105" =  "167"
Action.c(28): Notify: Parameter Substitution: parameter "c_id_count" =  "161"
Action.c(33): Notify: Parameter Substitution: parameter "c_id_106" =  "169"
Action.c(28): Notify: Parameter Substitution: parameter "c_id_count" =  "161"
Action.c(33): Notify: Parameter Substitution: parameter "c_id_107" =  "171"
Action.c(28): Notify: Parameter Substitution: parameter "c_id_count" =  "161"
Action.c(33): Notify: Parameter Substitution: parameter "c_id_108" =  "172"
Action.c(28): Notify: Parameter Substitution: parameter "c_id_count" =  "161"
Action.c(33): Notify: Parameter Substitution: parameter "c_id_109" =  "173"
Action.c(28): Notify: Parameter Substitution: parameter "c_id_count" =  "161"
Action.c(33): Notify: Parameter Substitution: parameter "c_id_110" =  "174"
Action.c(28): Notify: Parameter Substitution: parameter "c_id_count" =  "161"
Action.c(33): Notify: Parameter Substitution: parameter "c_id_111" =  "175"
Action.c(28): Notify: Parameter Substitution: parameter "c_id_count" =  "161"
Action.c(33): Notify: Parameter Substitution: parameter "c_id_112" =  "176"
Action.c(28): Notify: Parameter Substitution: parameter "c_id_count" =  "161"
Action.c(33): Notify: Parameter Substitution: parameter "c_id_113" =  "177"
Action.c(28): Notify: Parameter Substitution: parameter "c_id_count" =  "161"
Action.c(33): Notify: Parameter Substitution: parameter "c_id_114" =  "178"
Action.c(28): Notify: Parameter Substitution: parameter "c_id_count" =  "161"
Action.c(33): Notify: Parameter Substitution: parameter "c_id_115" =  "179"
Action.c(28): Notify: Parameter Substitution: parameter "c_id_count" =  "161"
Action.c(33): Notify: Parameter Substitution: parameter "c_id_116" =  "180"
Action.c(28): Notify: Parameter Substitution: parameter "c_id_count" =  "161"
Action.c(33): Notify: Parameter Substitution: parameter "c_id_117" =  "182"
Action.c(28): Notify: Parameter Substitution: parameter "c_id_count" =  "161"
Action.c(33): Notify: Parameter Substitution: parameter "c_id_118" =  "183"
Action.c(28): Notify: Parameter Substitution: parameter "c_id_count" =  "161"
Action.c(33): Notify: Parameter Substitution: parameter "c_id_119" =  "184"
Action.c(28): Notify: Parameter Substitution: parameter "c_id_count" =  "161"
Action.c(33): Notify: Parameter Substitution: parameter "c_id_120" =  "185"
Action.c(28): Notify: Parameter Substitution: parameter "c_id_count" =  "161"
Action.c(33): Notify: Parameter Substitution: parameter "c_id_121" =  "186"
Action.c(28): Notify: Parameter Substitution: parameter "c_id_count" =  "161"
Action.c(33): Notify: Parameter Substitution: parameter "c_id_122" =  "187"
Action.c(28): Notify: Parameter Substitution: parameter "c_id_count" =  "161"
Action.c(33): Notify: Parameter Substitution: parameter "c_id_123" =  "188"
Action.c(28): Notify: Parameter Substitution: parameter "c_id_count" =  "161"
Action.c(33): Notify: Parameter Substitution: parameter "c_id_124" =  "189"
Action.c(28): Notify: Parameter Substitution: parameter "c_id_count" =  "161"
Action.c(33): Notify: Parameter Substitution: parameter "c_id_125" =  "191"
Action.c(28): Notify: Parameter Substitution: parameter "c_id_count" =  "161"
Action.c(33): Notify: Parameter Substitution: parameter "c_id_126" =  "194"
Action.c(28): Notify: Parameter Substitution: parameter "c_id_count" =  "161"
Action.c(33): Notify: Parameter Substitution: parameter "c_id_127" =  "198"
Action.c(28): Notify: Parameter Substitution: parameter "c_id_count" =  "161"
Action.c(33): Notify: Parameter Substitution: parameter "c_id_128" =  "200"
Action.c(28): Notify: Parameter Substitution: parameter "c_id_count" =  "161"
Action.c(33): Notify: Parameter Substitution: parameter "c_id_129" =  "202"
Action.c(28): Notify: Parameter Substitution: parameter "c_id_count" =  "161"
Action.c(33): Notify: Parameter Substitution: parameter "c_id_130" =  "203"
Action.c(28): Notify: Parameter Substitution: parameter "c_id_count" =  "161"
Action.c(33): Notify: Parameter Substitution: parameter "c_id_131" =  "208"
Action.c(28): Notify: Parameter Substitution: parameter "c_id_count" =  "161"
Action.c(33): Notify: Parameter Substitution: parameter "c_id_132" =  "210"
Action.c(28): Notify: Parameter Substitution: parameter "c_id_count" =  "161"
Action.c(33): Notify: Parameter Substitution: parameter "c_id_133" =  "211"
Action.c(28): Notify: Parameter Substitution: parameter "c_id_count" =  "161"
Action.c(33): Notify: Parameter Substitution: parameter "c_id_134" =  "212"
Action.c(28): Notify: Parameter Substitution: parameter "c_id_count" =  "161"
Action.c(33): Notify: Parameter Substitution: parameter "c_id_135" =  "213"
Action.c(28): Notify: Parameter Substitution: parameter "c_id_count" =  "161"
Action.c(33): Notify: Parameter Substitution: parameter "c_id_136" =  "214"
Action.c(28): Notify: Parameter Substitution: parameter "c_id_count" =  "161"
Action.c(33): Notify: Parameter Substitution: parameter "c_id_137" =  "218"
Action.c(28): Notify: Parameter Substitution: parameter "c_id_count" =  "161"
Action.c(33): Notify: Parameter Substitution: parameter "c_id_138" =  "223"
Action.c(28): Notify: Parameter Substitution: parameter "c_id_count" =  "161"
Action.c(33): Notify: Parameter Substitution: parameter "c_id_139" =  "230"
Action.c(28): Notify: Parameter Substitution: parameter "c_id_count" =  "161"
Action.c(33): Notify: Parameter Substitution: parameter "c_id_140" =  "232"
Action.c(28): Notify: Parameter Substitution: parameter "c_id_count" =  "161"
Action.c(33): Notify: Parameter Substitution: parameter "c_id_141" =  "237"
Action.c(28): Notify: Parameter Substitution: parameter "c_id_count" =  "161"
Action.c(33): Notify: Parameter Substitution: parameter "c_id_142" =  "239"
Action.c(28): Notify: Parameter Substitution: parameter "c_id_count" =  "161"
Action.c(33): Notify: Parameter Substitution: parameter "c_id_143" =  "240"
Action.c(28): Notify: Parameter Substitution: parameter "c_id_count" =  "161"
Action.c(33): Notify: Parameter Substitution: parameter "c_id_144" =  "243"
Action.c(28): Notify: Parameter Substitution: parameter "c_id_count" =  "161"
Action.c(33): Notify: Parameter Substitution: parameter "c_id_145" =  "244"
Action.c(28): Notify: Parameter Substitution: parameter "c_id_count" =  "161"
Action.c(33): Notify: Parameter Substitution: parameter "c_id_146" =  "245"
Action.c(28): Notify: Parameter Substitution: parameter "c_id_count" =  "161"
Action.c(33): Notify: Parameter Substitution: parameter "c_id_147" =  "247"
Action.c(28): Notify: Parameter Substitution: parameter "c_id_count" =  "161"
Action.c(33): Notify: Parameter Substitution: parameter "c_id_148" =  "253"
Action.c(28): Notify: Parameter Substitution: parameter "c_id_count" =  "161"
Action.c(33): Notify: Parameter Substitution: parameter "c_id_149" =  "254"
Action.c(28): Notify: Parameter Substitution: parameter "c_id_count" =  "161"
Action.c(33): Notify: Parameter Substitution: parameter "c_id_150" =  "257"
Action.c(28): Notify: Parameter Substitution: parameter "c_id_count" =  "161"
Action.c(33): Notify: Parameter Substitution: parameter "c_id_151" =  "260"
Action.c(28): Notify: Parameter Substitution: parameter "c_id_count" =  "161"
Action.c(33): Notify: Parameter Substitution: parameter "c_id_152" =  "261"
Action.c(28): Notify: Parameter Substitution: parameter "c_id_count" =  "161"
Action.c(33): Notify: Parameter Substitution: parameter "c_id_153" =  "262"
Action.c(28): Notify: Parameter Substitution: parameter "c_id_count" =  "161"
Action.c(33): Notify: Parameter Substitution: parameter "c_id_154" =  "263"
Action.c(28): Notify: Parameter Substitution: parameter "c_id_count" =  "161"
Action.c(33): Notify: Parameter Substitution: parameter "c_id_155" =  "264"
Action.c(28): Notify: Parameter Substitution: parameter "c_id_count" =  "161"
Action.c(33): Notify: Parameter Substitution: parameter "c_id_156" =  "266"
Action.c(28): Notify: Parameter Substitution: parameter "c_id_count" =  "161"
Action.c(33): Notify: Parameter Substitution: parameter "c_id_157" =  "267"
Action.c(28): Notify: Parameter Substitution: parameter "c_id_count" =  "161"
Action.c(33): Notify: Parameter Substitution: parameter "c_id_158" =  "268"
Action.c(28): Notify: Parameter Substitution: parameter "c_id_count" =  "161"
Action.c(33): Notify: Parameter Substitution: parameter "c_id_159" =  "271"
Action.c(28): Notify: Parameter Substitution: parameter "c_id_count" =  "161"
Action.c(33): Notify: Parameter Substitution: parameter "c_id_160" =  "272"
Action.c(28): Notify: Parameter Substitution: parameter "c_id_count" =  "161"
Action.c(33): Notify: Parameter Substitution: parameter "c_id_161" =  "273"
Action.c(28): Notify: Parameter Substitution: parameter "c_id_count" =  "161"
Action.c(36): Notify: Parameter Substitution: parameter "c_responseCode" =  "200"
Ending action Action.
Ending iteration 1.
Ending Vuser...
Starting action vuser_end.
Ending action vuser_end.
Vuser Terminated.
Vuser 0 (thread 534000), ended OK."
